<?xml version="1.0" encoding="UTF-8"?>
<!-- Generated by org.testng.reporters.JUnitXMLReporter -->
<testsuite ignored="2" hostname="DESKTOP-7UOFI28" failures="0" tests="16" name="Test" time="25.39" errors="0" timestamp="2022-12-05T14:36:01 IST">
  <testcase classname="testcases.Homepage" name="@BeforeMethod closeFlyoverPopup" time="10.058">
    <failure type="org.openqa.selenium.NoSuchElementException" message="no such element: Unable to locate element: {&amp;quot;method&amp;quot;:&amp;quot;xpath&amp;quot;,&amp;quot;selector&amp;quot;:&amp;quot;//*[@id=&amp;quot;newsletterModal&amp;quot;]/div/div/div/div/img&amp;quot;}
  (Session info: chrome=108.0.5359.94)
For documentation on this error, please visit: https://selenium.dev/exceptions/#no_such_element
Build info: version: &amp;apos;4.5.0&amp;apos;, revision: &amp;apos;fe167b119a&amp;apos;
System info: os.name: &amp;apos;Windows 10&amp;apos;, os.arch: &amp;apos;amd64&amp;apos;, os.version: &amp;apos;10.0&amp;apos;, java.version: &amp;apos;17.0.4.1&amp;apos;
Driver info: org.openqa.selenium.chrome.ChromeDriver
Command: [2d4a13f0ebca6456a86b082945d4bd9c, findElement {using=xpath, value=//*[@id=&amp;quot;newsletterModal&amp;quot;]/div/div/div/div/img}]
Capabilities {acceptInsecureCerts: false, browserName: chrome, browserVersion: 108.0.5359.94, chrome: {chromedriverVersion: 108.0.5359.71 (1e0e3868ee06..., userDataDir: C:\Users\Vivia\AppData\Loca...}, goog:chromeOptions: {debuggerAddress: localhost:55603}, networkConnectionEnabled: false, pageLoadStrategy: normal, platformName: WINDOWS, proxy: Proxy(), se:cdp: ws://localhost:55603/devtoo..., se:cdpVersion: 108.0.5359.94, setWindowRect: true, strictFileInteractability: false, timeouts: {implicit: 0, pageLoad: 300000, script: 30000}, unhandledPromptBehavior: dismiss and notify, webauthn:extension:credBlob: true, webauthn:extension:largeBlob: true, webauthn:virtualAuthenticators: true}
Session ID: 2d4a13f0ebca6456a86b082945d4bd9c">
      <![CDATA[org.openqa.selenium.NoSuchElementException: no such element: Unable to locate element: {"method":"xpath","selector":"//*[@id="newsletterModal"]/div/div/div/div/img"}
  (Session info: chrome=108.0.5359.94)
For documentation on this error, please visit: https://selenium.dev/exceptions/#no_such_element
Build info: version: '4.5.0', revision: 'fe167b119a'
System info: os.name: 'Windows 10', os.arch: 'amd64', os.version: '10.0', java.version: '17.0.4.1'
Driver info: org.openqa.selenium.chrome.ChromeDriver
Command: [2d4a13f0ebca6456a86b082945d4bd9c, findElement {using=xpath, value=//*[@id="newsletterModal"]/div/div/div/div/img}]
Capabilities {acceptInsecureCerts: false, browserName: chrome, browserVersion: 108.0.5359.94, chrome: {chromedriverVersion: 108.0.5359.71 (1e0e3868ee06..., userDataDir: C:\Users\Vivia\AppData\Loca...}, goog:chromeOptions: {debuggerAddress: localhost:55603}, networkConnectionEnabled: false, pageLoadStrategy: normal, platformName: WINDOWS, proxy: Proxy(), se:cdp: ws://localhost:55603/devtoo..., se:cdpVersion: 108.0.5359.94, setWindowRect: true, strictFileInteractability: false, timeouts: {implicit: 0, pageLoad: 300000, script: 30000}, unhandledPromptBehavior: dismiss and notify, webauthn:extension:credBlob: true, webauthn:extension:largeBlob: true, webauthn:virtualAuthenticators: true}
Session ID: 2d4a13f0ebca6456a86b082945d4bd9c
at org.openqa.selenium.remote.codec.w3c.W3CHttpResponseCodec.createException(W3CHttpResponseCodec.java:200)
at org.openqa.selenium.remote.codec.w3c.W3CHttpResponseCodec.decode(W3CHttpResponseCodec.java:133)
at org.openqa.selenium.remote.codec.w3c.W3CHttpResponseCodec.decode(W3CHttpResponseCodec.java:53)
at org.openqa.selenium.remote.HttpCommandExecutor.execute(HttpCommandExecutor.java:184)
at org.openqa.selenium.remote.service.DriverCommandExecutor.invokeExecute(DriverCommandExecutor.java:167)
at org.openqa.selenium.remote.service.DriverCommandExecutor.execute(DriverCommandExecutor.java:142)
at org.openqa.selenium.remote.RemoteWebDriver.execute(RemoteWebDriver.java:547)
at org.openqa.selenium.remote.ElementLocation$ElementFinder$2.findElement(ElementLocation.java:162)
at org.openqa.selenium.remote.ElementLocation.findElement(ElementLocation.java:60)
at org.openqa.selenium.remote.RemoteWebDriver.findElement(RemoteWebDriver.java:365)
at org.openqa.selenium.remote.RemoteWebDriver.findElement(RemoteWebDriver.java:357)
at testcases.Homepage.closeFlyoverPopup(Homepage.java:19)
at java.base/java.util.ArrayList.forEach(ArrayList.java:1511)
... Removed 36 stack frames]]>
    </failure>
  </testcase> <!-- @BeforeMethod closeFlyoverPopup -->
  <testcase classname="base.TestBase" name="@AfterMethod tearDown" time="-1.670231161017E9">
    <skipped/>
  </testcase> <!-- @AfterMethod tearDown -->
  <testcase classname="base.TestBase" name="@BeforeMethod setUp" time="-1.67023116102E9">
    <skipped/>
  </testcase> <!-- @BeforeMethod setUp -->
  <testcase classname="testcases.Homepage" name="@BeforeMethod closeFlyoverPopup" time="-1.670231161021E9">
    <skipped/>
  </testcase> <!-- @BeforeMethod closeFlyoverPopup -->
  <testcase classname="base.TestBase" name="@AfterMethod tearDown" time="-1.670231161033E9">
    <skipped/>
  </testcase> <!-- @AfterMethod tearDown -->
  <testcase classname="base.TestBase" name="@BeforeMethod setUp" time="-1.670231161035E9">
    <skipped/>
  </testcase> <!-- @BeforeMethod setUp -->
  <testcase classname="testcases.Homepage" name="@BeforeMethod closeFlyoverPopup" time="-1.670231161035E9">
    <skipped/>
  </testcase> <!-- @BeforeMethod closeFlyoverPopup -->
  <testcase classname="base.TestBase" name="@AfterMethod tearDown" time="-1.670231161042E9">
    <skipped/>
  </testcase> <!-- @AfterMethod tearDown -->
  <testcase classname="base.TestBase" name="@BeforeMethod setUp" time="-1.670231161048E9">
    <skipped/>
  </testcase> <!-- @BeforeMethod setUp -->
  <testcase classname="testcases.Homepage" name="@BeforeMethod closeFlyoverPopup" time="-1.670231161049E9">
    <skipped/>
  </testcase> <!-- @BeforeMethod closeFlyoverPopup -->
  <testcase classname="base.TestBase" name="@AfterMethod tearDown" time="-1.670231161052E9">
    <skipped/>
  </testcase> <!-- @AfterMethod tearDown -->
  <testcase classname="base.TestBase" name="@BeforeMethod setUp" time="-1.670231161054E9">
    <skipped/>
  </testcase> <!-- @BeforeMethod setUp -->
  <testcase classname="testcases.Homepage" name="@BeforeMethod closeFlyoverPopup" time="-1.670231161055E9">
    <skipped/>
  </testcase> <!-- @BeforeMethod closeFlyoverPopup -->
  <testcase classname="base.TestBase" name="@AfterMethod tearDown" time="-1.670231161067E9">
    <skipped/>
  </testcase> <!-- @AfterMethod tearDown -->
  <testcase classname="base.TestBase" name="@BeforeMethod setUp" time="-1.670231161069E9">
    <skipped/>
  </testcase> <!-- @BeforeMethod setUp -->
  <testcase classname="testcases.Homepage" name="@BeforeMethod closeFlyoverPopup" time="-1.670231161069E9">
    <skipped/>
  </testcase> <!-- @BeforeMethod closeFlyoverPopup -->
  <testcase classname="base.TestBase" name="@AfterMethod tearDown" time="-1.670231161079E9">
    <skipped/>
  </testcase> <!-- @AfterMethod tearDown -->
  <testcase classname="base.TestBase" name="@BeforeMethod setUp" time="-1.670231161082E9">
    <skipped/>
  </testcase> <!-- @BeforeMethod setUp -->
  <testcase classname="testcases.Homepage" name="@BeforeMethod closeFlyoverPopup" time="-1.670231161083E9">
    <skipped/>
  </testcase> <!-- @BeforeMethod closeFlyoverPopup -->
  <testcase classname="base.TestBase" name="@AfterMethod tearDown" time="-1.670231161087E9">
    <skipped/>
  </testcase> <!-- @AfterMethod tearDown -->
  <testcase classname="base.TestBase" name="@BeforeMethod setUp" time="-1.670231161088E9">
    <skipped/>
  </testcase> <!-- @BeforeMethod setUp -->
  <testcase classname="testcases.Homepage" name="@BeforeMethod closeFlyoverPopup" time="-1.670231161096E9">
    <skipped/>
  </testcase> <!-- @BeforeMethod closeFlyoverPopup -->
  <testcase classname="base.TestBase" name="@AfterMethod tearDown" time="-1.670231161102E9">
    <skipped/>
  </testcase> <!-- @AfterMethod tearDown -->
  <testcase classname="base.TestBase" name="@BeforeMethod setUp" time="-1.670231161104E9">
    <skipped/>
  </testcase> <!-- @BeforeMethod setUp -->
  <testcase classname="testcases.Homepage" name="@BeforeMethod closeFlyoverPopup" time="-1.670231161104E9">
    <skipped/>
  </testcase> <!-- @BeforeMethod closeFlyoverPopup -->
  <testcase classname="base.TestBase" name="@AfterMethod tearDown" time="-1.67023116112E9">
    <skipped/>
  </testcase> <!-- @AfterMethod tearDown -->
  <testcase classname="base.TestBase" name="@BeforeMethod setUp" time="-1.670231161121E9">
    <skipped/>
  </testcase> <!-- @BeforeMethod setUp -->
  <testcase classname="testcases.Homepage" name="@BeforeMethod closeFlyoverPopup" time="-1.670231161122E9">
    <skipped/>
  </testcase> <!-- @BeforeMethod closeFlyoverPopup -->
  <testcase classname="base.TestBase" name="@AfterMethod tearDown" time="-1.670231161133E9">
    <skipped/>
  </testcase> <!-- @AfterMethod tearDown -->
  <testcase classname="base.TestBase" name="@BeforeMethod setUp" time="-1.670231161135E9">
    <skipped/>
  </testcase> <!-- @BeforeMethod setUp -->
  <testcase classname="testcases.Homepage" name="@BeforeMethod closeFlyoverPopup" time="-1.670231161136E9">
    <skipped/>
  </testcase> <!-- @BeforeMethod closeFlyoverPopup -->
  <testcase classname="base.TestBase" name="@AfterMethod tearDown" time="-1.670231161146E9">
    <skipped/>
  </testcase> <!-- @AfterMethod tearDown -->
  <testcase classname="base.TestBase" name="@BeforeMethod setUp" time="-1.670231161148E9">
    <skipped/>
  </testcase> <!-- @BeforeMethod setUp -->
  <testcase classname="testcases.Homepage" name="@BeforeMethod closeFlyoverPopup" time="-1.670231161148E9">
    <skipped/>
  </testcase> <!-- @BeforeMethod closeFlyoverPopup -->
  <testcase classname="base.TestBase" name="@AfterMethod tearDown" time="-1.670231161151E9">
    <skipped/>
  </testcase> <!-- @AfterMethod tearDown -->
  <testcase classname="base.TestBase" name="@BeforeMethod setUp" time="-1.670231161153E9">
    <skipped/>
  </testcase> <!-- @BeforeMethod setUp -->
  <testcase classname="testcases.Homepage" name="@BeforeMethod closeFlyoverPopup" time="-1.670231161153E9">
    <skipped/>
  </testcase> <!-- @BeforeMethod closeFlyoverPopup -->
  <testcase classname="base.TestBase" name="@AfterMethod tearDown" time="-1.670231161162E9">
    <skipped/>
  </testcase> <!-- @AfterMethod tearDown -->
  <testcase classname="base.TestBase" name="@BeforeMethod setUp" time="-1.670231161164E9">
    <skipped/>
  </testcase> <!-- @BeforeMethod setUp -->
  <testcase classname="testcases.Homepage" name="@BeforeMethod closeFlyoverPopup" time="-1.670231161165E9">
    <skipped/>
  </testcase> <!-- @BeforeMethod closeFlyoverPopup -->
  <testcase classname="base.TestBase" name="@AfterMethod tearDown" time="-1.670231161168E9">
    <skipped/>
  </testcase> <!-- @AfterMethod tearDown -->
  <testcase classname="base.TestBase" name="@BeforeMethod setUp" time="-1.670231161169E9">
    <skipped/>
  </testcase> <!-- @BeforeMethod setUp -->
  <testcase classname="testcases.Homepage" name="@BeforeMethod closeFlyoverPopup" time="-1.67023116117E9">
    <skipped/>
  </testcase> <!-- @BeforeMethod closeFlyoverPopup -->
  <testcase classname="base.TestBase" name="@AfterMethod tearDown" time="-1.670231161179E9">
    <skipped/>
  </testcase> <!-- @AfterMethod tearDown -->
  <testcase classname="base.TestBase" name="@BeforeMethod setUp" time="-1.67023116118E9">
    <skipped/>
  </testcase> <!-- @BeforeMethod setUp -->
  <testcase classname="testcases.Homepage" name="@BeforeMethod closeFlyoverPopup" time="-1.670231161181E9">
    <skipped/>
  </testcase> <!-- @BeforeMethod closeFlyoverPopup -->
  <testcase classname="base.TestBase" name="@AfterMethod tearDown" time="-1.670231161185E9">
    <skipped/>
  </testcase> <!-- @AfterMethod tearDown -->
  <testcase classname="testcases.Homepage" name="closeFlyoverPopup" time="0.0">
    <skipped/>
  </testcase> <!-- closeFlyoverPopup -->
  <testcase classname="testcases.Homepage" name="closeFlyoverPopup_click" time="0.0">
    <skipped/>
  </testcase> <!-- closeFlyoverPopup_click -->
  <testcase classname="testcases.Homepage" name="Top3_ButtonClick" time="0.0">
    <skipped/>
  </testcase> <!-- Top3_ButtonClick -->
  <testcase classname="testcases.Homepage" name="videobtn_click" time="0.0">
    <skipped/>
  </testcase> <!-- videobtn_click -->
  <testcase classname="testcases.Homepage" name="news_click" time="0.0">
    <skipped/>
  </testcase> <!-- news_click -->
  <testcase classname="testcases.Homepage" name="fullstackmeataver_click" time="0.0">
    <skipped/>
  </testcase> <!-- fullstackmeataver_click -->
  <testcase classname="testcases.Homepage" name="trustedandglobal_clickbutton" time="0.0">
    <skipped/>
  </testcase> <!-- trustedandglobal_clickbutton -->
  <testcase classname="testcases.Homepage" name="metabtn_click" time="0.0">
    <skipped/>
  </testcase> <!-- metabtn_click -->
  <testcase classname="testcases.Homepage" name="opensea_clickbutton" time="0.0">
    <skipped/>
  </testcase> <!-- opensea_clickbutton -->
  <testcase classname="testcases.Homepage" name="ourkeyinvestor_click" time="0.0">
    <skipped/>
  </testcase> <!-- ourkeyinvestor_click -->
  <testcase classname="testcases.Homepage" name="reserveknowbutton_clickbutton" time="0.0">
    <skipped/>
  </testcase> <!-- reserveknowbutton_clickbutton -->
  <testcase classname="testcases.Homepage" name="joincommunity_clickbutton" time="0.0">
    <skipped/>
  </testcase> <!-- joincommunity_clickbutton -->
  <testcase classname="testcases.Homepage" name="learnfromacademy_click" time="0.0">
    <skipped/>
  </testcase> <!-- learnfromacademy_click -->
  <testcase classname="testcases.Homepage" name="joinareteam_click" time="0.0">
    <skipped/>
  </testcase> <!-- joinareteam_click -->
  <testcase classname="testcases.Homepage" name="footerLinks_click" time="0.0">
    <skipped/>
  </testcase> <!-- footerLinks_click -->
  <testcase classname="testcases.Homepage" name="footer_Privacylinks" time="0.0">
    <skipped/>
  </testcase> <!-- footer_Privacylinks -->
  <testcase classname="testcases.Homepage" name="fotteremailid_valid" time="0.0">
    <ignored/>
  </testcase> <!-- fotteremailid_valid -->
  <testcase classname="testcases.Homepage" name="emailid_validation" time="0.0">
    <ignored/>
  </testcase> <!-- emailid_validation -->
</testsuite> <!-- Test -->
