<?xml version="1.0" encoding="UTF-8"?>
<!-- Generated by org.testng.reporters.JUnitReportReporter -->
<testsuite hostname="DESKTOP-7UOFI28" failures="0" tests="19" name="testcases.Homepage" time="34.768" errors="1" timestamp="2022-12-05T16:30:29 IST" skipped="17">
  <testcase classname="testcases.Homepage" name="setUp" time="22.330">
    <error message="no such window: target window already closed
from unknown error: web view not found
  (Session info: chrome=108.0.5359.94)
Build info: version: &#039;4.5.0&#039;, revision: &#039;fe167b119a&#039;
System info: os.name: &#039;Windows 10&#039;, os.arch: &#039;amd64&#039;, os.version: &#039;10.0&#039;, java.version: &#039;17.0.4.1&#039;
Driver info: org.openqa.selenium.chrome.ChromeDriver
Command: [ddf34f0fbf0d1d545038afb4cd870224, maximizeCurrentWindow {}]
Capabilities {acceptInsecureCerts: false, browserName: chrome, browserVersion: 108.0.5359.94, chrome: {chromedriverVersion: 108.0.5359.71 (1e0e3868ee06..., userDataDir: C:\Users\Vivia\AppData\Loca...}, goog:chromeOptions: {debuggerAddress: localhost:51407}, networkConnectionEnabled: false, pageLoadStrategy: normal, platformName: WINDOWS, proxy: Proxy(), se:cdp: ws://localhost:51407/devtoo..., se:cdpVersion: 108.0.5359.94, setWindowRect: true, strictFileInteractability: false, timeouts: {implicit: 0, pageLoad: 300000, script: 30000}, unhandledPromptBehavior: dismiss and notify, webauthn:extension:credBlob: true, webauthn:extension:largeBlob: true, webauthn:virtualAuthenticators: true}
Session ID: ddf34f0fbf0d1d545038afb4cd870224" type="org.openqa.selenium.NoSuchWindowException">
      <![CDATA[org.openqa.selenium.NoSuchWindowException: no such window: target window already closed
from unknown error: web view not found
  (Session info: chrome=108.0.5359.94)
Build info: version: '4.5.0', revision: 'fe167b119a'
System info: os.name: 'Windows 10', os.arch: 'amd64', os.version: '10.0', java.version: '17.0.4.1'
Driver info: org.openqa.selenium.chrome.ChromeDriver
Command: [ddf34f0fbf0d1d545038afb4cd870224, maximizeCurrentWindow {}]
Capabilities {acceptInsecureCerts: false, browserName: chrome, browserVersion: 108.0.5359.94, chrome: {chromedriverVersion: 108.0.5359.71 (1e0e3868ee06..., userDataDir: C:\Users\Vivia\AppData\Loca...}, goog:chromeOptions: {debuggerAddress: localhost:51407}, networkConnectionEnabled: false, pageLoadStrategy: normal, platformName: WINDOWS, proxy: Proxy(), se:cdp: ws://localhost:51407/devtoo..., se:cdpVersion: 108.0.5359.94, setWindowRect: true, strictFileInteractability: false, timeouts: {implicit: 0, pageLoad: 300000, script: 30000}, unhandledPromptBehavior: dismiss and notify, webauthn:extension:credBlob: true, webauthn:extension:largeBlob: true, webauthn:virtualAuthenticators: true}
Session ID: ddf34f0fbf0d1d545038afb4cd870224
at java.base/jdk.internal.reflect.NativeConstructorAccessorImpl.newInstance0(Native Method)
at java.base/jdk.internal.reflect.NativeConstructorAccessorImpl.newInstance(NativeConstructorAccessorImpl.java:77)
at java.base/jdk.internal.reflect.DelegatingConstructorAccessorImpl.newInstance(DelegatingConstructorAccessorImpl.java:45)
at java.base/java.lang.reflect.Constructor.newInstanceWithCaller(Constructor.java:499)
at java.base/java.lang.reflect.Constructor.newInstance(Constructor.java:480)
at org.openqa.selenium.remote.codec.w3c.W3CHttpResponseCodec.createException(W3CHttpResponseCodec.java:200)
at org.openqa.selenium.remote.codec.w3c.W3CHttpResponseCodec.decode(W3CHttpResponseCodec.java:133)
at org.openqa.selenium.remote.codec.w3c.W3CHttpResponseCodec.decode(W3CHttpResponseCodec.java:53)
at org.openqa.selenium.remote.HttpCommandExecutor.execute(HttpCommandExecutor.java:184)
at org.openqa.selenium.remote.service.DriverCommandExecutor.invokeExecute(DriverCommandExecutor.java:167)
at org.openqa.selenium.remote.service.DriverCommandExecutor.execute(DriverCommandExecutor.java:142)
at org.openqa.selenium.remote.RemoteWebDriver.execute(RemoteWebDriver.java:547)
at org.openqa.selenium.remote.RemoteWebDriver.execute(RemoteWebDriver.java:602)
at org.openqa.selenium.remote.RemoteWebDriver.execute(RemoteWebDriver.java:606)
at org.openqa.selenium.remote.RemoteWebDriver$RemoteWebDriverOptions$RemoteWindow.maximize(RemoteWebDriver.java:958)
at base.TestBase.setUp(TestBase.java:39)
at java.base/jdk.internal.reflect.NativeMethodAccessorImpl.invoke0(Native Method)
at java.base/jdk.internal.reflect.NativeMethodAccessorImpl.invoke(NativeMethodAccessorImpl.java:77)
at java.base/jdk.internal.reflect.DelegatingMethodAccessorImpl.invoke(DelegatingMethodAccessorImpl.java:43)
at java.base/java.lang.reflect.Method.invoke(Method.java:568)
at org.testng.internal.MethodInvocationHelper.invokeMethod(MethodInvocationHelper.java:132)
at org.testng.internal.MethodInvocationHelper.invokeMethodConsideringTimeout(MethodInvocationHelper.java:61)
at org.testng.internal.ConfigInvoker.invokeConfigurationMethod(ConfigInvoker.java:366)
at org.testng.internal.ConfigInvoker.invokeConfigurations(ConfigInvoker.java:320)
at org.testng.internal.TestInvoker.runConfigMethods(TestInvoker.java:701)
at org.testng.internal.TestInvoker.invokeMethod(TestInvoker.java:527)
at org.testng.internal.TestInvoker.invokeTestMethod(TestInvoker.java:174)
at org.testng.internal.MethodRunner.runInSequence(MethodRunner.java:46)
at org.testng.internal.TestInvoker$MethodInvocationAgent.invoke(TestInvoker.java:822)
at org.testng.internal.TestInvoker.invokeTestMethods(TestInvoker.java:147)
at org.testng.internal.TestMethodWorker.invokeTestMethods(TestMethodWorker.java:146)
at org.testng.internal.TestMethodWorker.run(TestMethodWorker.java:128)
at java.base/java.util.ArrayList.forEach(ArrayList.java:1511)
at org.testng.TestRunner.privateRun(TestRunner.java:764)
at org.testng.TestRunner.run(TestRunner.java:585)
at org.testng.SuiteRunner.runTest(SuiteRunner.java:384)
at org.testng.SuiteRunner.runSequentially(SuiteRunner.java:378)
at org.testng.SuiteRunner.privateRun(SuiteRunner.java:337)
at org.testng.SuiteRunner.run(SuiteRunner.java:286)
at org.testng.SuiteRunnerWorker.runSuite(SuiteRunnerWorker.java:53)
at org.testng.SuiteRunnerWorker.run(SuiteRunnerWorker.java:96)
at org.testng.TestNG.runSuitesSequentially(TestNG.java:1218)
at org.testng.TestNG.runSuitesLocally(TestNG.java:1140)
at org.testng.TestNG.runSuites(TestNG.java:1069)
at org.testng.TestNG.run(TestNG.java:1037)
at org.testng.remote.AbstractRemoteTestNG.run(AbstractRemoteTestNG.java:115)
at org.testng.remote.RemoteTestNG.initAndRun(RemoteTestNG.java:251)
at org.testng.remote.RemoteTestNG.main(RemoteTestNG.java:77)
]]>
    </error>
  </testcase> <!-- setUp -->
  <system-out/>
  <testcase classname="testcases.Homepage" name="Top3_ButtonClick" time="12.438"/>
  <system-out/>
  <testcase classname="testcases.Homepage" name="videobtn_click" time="0.000">
    <skipped/>
  </testcase> <!-- videobtn_click -->
  <system-out/>
  <testcase classname="testcases.Homepage" name="news_click" time="0.000">
    <skipped/>
  </testcase> <!-- news_click -->
  <system-out/>
  <testcase classname="testcases.Homepage" name="fullstackmeataver_click" time="0.000">
    <skipped/>
  </testcase> <!-- fullstackmeataver_click -->
  <system-out/>
  <testcase classname="testcases.Homepage" name="trustedandglobal_clickbutton" time="0.000">
    <skipped/>
  </testcase> <!-- trustedandglobal_clickbutton -->
  <system-out/>
  <testcase classname="testcases.Homepage" name="metabtn_click" time="0.000">
    <skipped/>
  </testcase> <!-- metabtn_click -->
  <system-out/>
  <testcase classname="testcases.Homepage" name="opensea_clickbutton" time="0.000">
    <skipped/>
  </testcase> <!-- opensea_clickbutton -->
  <system-out/>
  <testcase classname="testcases.Homepage" name="ourkeyinvestor_click" time="0.000">
    <skipped/>
  </testcase> <!-- ourkeyinvestor_click -->
  <system-out/>
  <testcase classname="testcases.Homepage" name="reserveknowbutton_clickbutton" time="0.000">
    <skipped/>
  </testcase> <!-- reserveknowbutton_clickbutton -->
  <system-out/>
  <testcase classname="testcases.Homepage" name="joincommunity_clickbutton" time="0.000">
    <skipped/>
  </testcase> <!-- joincommunity_clickbutton -->
  <system-out/>
  <testcase classname="testcases.Homepage" name="learnfromacademy_click" time="0.000">
    <skipped/>
  </testcase> <!-- learnfromacademy_click -->
  <system-out/>
  <testcase classname="testcases.Homepage" name="joinareteam_click" time="0.000">
    <skipped/>
  </testcase> <!-- joinareteam_click -->
  <system-out/>
  <testcase classname="testcases.Homepage" name="footerLinks_click" time="0.000">
    <skipped/>
  </testcase> <!-- footerLinks_click -->
  <system-out/>
  <testcase classname="testcases.Homepage" name="footer_Privacylinks" time="0.000">
    <skipped/>
  </testcase> <!-- footer_Privacylinks -->
  <system-out/>
  <testcase classname="testcases.Homepage" name="closeFlyoverPopup_click">
    <skipped/>
  </testcase> <!-- closeFlyoverPopup_click -->
  <system-out/>
  <testcase classname="testcases.Homepage" name="fotteremailid_valid">
    <skipped/>
  </testcase> <!-- fotteremailid_valid -->
  <system-out/>
  <testcase classname="testcases.Homepage" name="closeFlyoverPopup">
    <skipped/>
  </testcase> <!-- closeFlyoverPopup -->
  <system-out/>
  <testcase classname="testcases.Homepage" name="emailid_validation">
    <skipped/>
  </testcase> <!-- emailid_validation -->
  <system-out/>
</testsuite> <!-- testcases.Homepage -->
